DEBUG:root:Order:2 3 10.0
DEBUG:root:Finish turn

DEBUG:root:Order:2 4 10.0
DEBUG:root:Finish turn

DEBUG:root:Order:2 19 15.0
DEBUG:root:Finish turn

DEBUG:root:Order:2 20 15.0
DEBUG:root:Order:2 4 32
DEBUG:root:Finish turn

DEBUG:root:Order:2 15 20.0
DEBUG:root:Bad order:4 3.0 8
DEBUG:root:Finish turn

DEBUG:root:Order:2 16 20.0
DEBUG:root:Order:4 0 26.0
DEBUG:root:Order:4 2 4
DEBUG:root:Finish turn

DEBUG:root:Order:2 4 1
DEBUG:root:Finish turn

DEBUG:root:Order:2 19 6
DEBUG:root:Order:4 19 2
DEBUG:root:Finish turn

DEBUG:root:Order:2 19 11
DEBUG:root:Order:4 19 8
DEBUG:root:Finish turn

DEBUG:root:Order:2 19 1
DEBUG:root:Order:2 4 2
DEBUG:root:Finish turn

DEBUG:root:Order:2 19 1
DEBUG:root:Finish turn

DEBUG:root:Order:2 15 5
DEBUG:root:Order:4 15 2
DEBUG:root:Finish turn

DEBUG:root:Order:2 19 2
DEBUG:root:Order:2 15 1
DEBUG:root:Finish turn

DEBUG:root:Order:2 19 1
DEBUG:root:Order:2 4 2
DEBUG:root:Finish turn

DEBUG:root:Order:2 19 1
DEBUG:root:Finish turn

DEBUG:root:Order:2 19 2
DEBUG:root:Finish turn

DEBUG:root:Order:2 19 3
DEBUG:root:Order:2 4 1
DEBUG:root:Finish turn

DEBUG:root:Order:19 9 40.0
DEBUG:root:Order:2 19 11
DEBUG:root:Order:15 19 11
DEBUG:root:Order:4 19 9
DEBUG:root:Finish turn

DEBUG:root:Order:2 0 14
DEBUG:root:Order:15 0 12
DEBUG:root:Order:4 0 11
DEBUG:root:Bad order:19 4.0 9
DEBUG:root:Finish turn

DEBUG:root:Bad order:19 6.0 7
DEBUG:root:Order:2 0 2
DEBUG:root:Finish turn

DEBUG:root:Order:19 0 6
DEBUG:root:Order:2 0 3
DEBUG:root:Order:2 4 3
DEBUG:root:Order:15 4 1
DEBUG:root:Finish turn

DEBUG:root:Order:4 0 2
DEBUG:root:Order:4 19 1
DEBUG:root:Order:4 2 2
DEBUG:root:Finish turn

DEBUG:root:Order:2 4 2
DEBUG:root:Order:2 0 1
DEBUG:root:Order:2 19 1
DEBUG:root:Finish turn

DEBUG:root:Order:2 0 2
DEBUG:root:Order:2 19 2
DEBUG:root:Order:2 4 1
DEBUG:root:Finish turn

DEBUG:root:Order:19 10 40.0
DEBUG:root:Order:15 19 10
DEBUG:root:Order:2 19 8
DEBUG:root:Order:4 19 7
DEBUG:root:Order:0 19 6
DEBUG:root:Finish turn

DEBUG:root:Order:2 19 3
DEBUG:root:Order:2 0 3
DEBUG:root:Order:15 0 1
DEBUG:root:Finish turn

DEBUG:root:Order:0 19 1
DEBUG:root:Finish turn

DEBUG:root:Order:2 19 2
DEBUG:root:Order:2 0 2
DEBUG:root:Order:15 0 1
DEBUG:root:Finish turn

DEBUG:root:Order:2 9 5
DEBUG:root:Order:15 9 5
DEBUG:root:Order:4 9 3
DEBUG:root:Order:19 9 2
DEBUG:root:Finish turn

DEBUG:root:Order:2 9 10
DEBUG:root:Order:15 9 8
DEBUG:root:Order:4 9 7
DEBUG:root:Order:19 9 6
DEBUG:root:Finish turn

DEBUG:root:Order:2 9 3
DEBUG:root:Order:2 19 1
DEBUG:root:Finish turn

DEBUG:root:Order:2 19 7
DEBUG:root:Order:15 19 7
DEBUG:root:Order:4 19 5
DEBUG:root:Order:9 19 5
DEBUG:root:Finish turn

DEBUG:root:Order:0 19 4
DEBUG:root:Order:0 4 2
DEBUG:root:Order:0 9 2
DEBUG:root:Order:0 15 1
DEBUG:root:Finish turn

DEBUG:root:Order:2 0 7
DEBUG:root:Order:15 0 4
DEBUG:root:Order:4 0 3
DEBUG:root:Order:9 0 3
DEBUG:root:Order:19 0 2
DEBUG:root:Finish turn

DEBUG:root:Order:2 0 2
DEBUG:root:Order:2 19 1
DEBUG:root:Order:2 4 2
DEBUG:root:Finish turn

DEBUG:root:Order:4 0 1
DEBUG:root:Order:4 19 1
DEBUG:root:Order:4 9 1
DEBUG:root:Order:15 9 1
DEBUG:root:Finish turn

DEBUG:root:Order:2 0 1
DEBUG:root:Order:2 4 1
DEBUG:root:Order:2 19 1
DEBUG:root:Finish turn

DEBUG:root:Order:2 0 2
DEBUG:root:Order:2 19 2
DEBUG:root:Order:2 4 1
DEBUG:root:Finish turn

DEBUG:root:Order:15 0 1
DEBUG:root:Order:15 19 1
DEBUG:root:Order:15 4 2
DEBUG:root:Finish turn

DEBUG:root:Order:2 0 1
DEBUG:root:Order:2 19 1
DEBUG:root:Order:2 15 3
DEBUG:root:Order:4 15 1
DEBUG:root:Finish turn

DEBUG:root:Order:9 5 46.0
DEBUG:root:Order:15 9 11
DEBUG:root:Order:2 9 8
DEBUG:root:Order:4 9 7
DEBUG:root:Order:0 9 5
DEBUG:root:Order:19 9 5
DEBUG:root:Finish turn

DEBUG:root:Order:2 9 2
DEBUG:root:Order:2 0 3
DEBUG:root:Order:15 0 1
DEBUG:root:Finish turn

DEBUG:root:Order:19 11 54.0
DEBUG:root:Order:0 19 10
DEBUG:root:Order:2 19 9
DEBUG:root:Order:15 19 9
DEBUG:root:Order:4 19 8
DEBUG:root:Order:9 19 7
DEBUG:root:Finish turn

DEBUG:root:Order:10 19 7
DEBUG:root:Order:10 0 2
DEBUG:root:Order:10 4 1
DEBUG:root:Order:10 9 1
DEBUG:root:Order:10 15 12
DEBUG:root:Order:2 15 1
DEBUG:root:Finish turn

DEBUG:root:Bad order:15 23.0 24
DEBUG:root:Order:2 10 14
DEBUG:root:Order:4 10 10
DEBUG:root:Order:9 10 10
DEBUG:root:Bad order:19 4.0 9
DEBUG:root:Finish turn

DEBUG:root:Order:15 10 21
DEBUG:root:Bad order:15 5.0 14
DEBUG:root:Order:15 4 1
DEBUG:root:Order:15 9 1
DEBUG:root:Finish turn

DEBUG:root:Order:19 11 7
DEBUG:root:Order:2 11 3
DEBUG:root:Order:2 0 6
DEBUG:root:Order:15 0 1
DEBUG:root:Finish turn

DEBUG:root:Order:15 0 2
DEBUG:root:Order:15 19 1
DEBUG:root:Order:15 2 2
DEBUG:root:Finish turn

DEBUG:root:Order:2 5 7
DEBUG:root:Order:11 5 5
DEBUG:root:Order:4 5 3
DEBUG:root:Order:10 5 3
DEBUG:root:Order:0 5 1
DEBUG:root:Order:15 5 1
DEBUG:root:Order:19 5 1
DEBUG:root:Finish turn

DEBUG:root:Order:2 0 1
DEBUG:root:Order:2 19 1
DEBUG:root:Order:2 4 2
DEBUG:root:Order:5 4 2
DEBUG:root:Order:11 4 1
DEBUG:root:Finish turn

DEBUG:root:Order:4 0 2
DEBUG:root:Order:4 19 2
DEBUG:root:Order:4 10 1
DEBUG:root:Finish turn

DEBUG:root:Order:5 0 2
DEBUG:root:Order:5 4 2
DEBUG:root:Order:5 19 2
DEBUG:root:Finish turn

DEBUG:root:Order:2 0 2
DEBUG:root:Order:2 19 2
DEBUG:root:Order:2 4 1
DEBUG:root:Finish turn

DEBUG:root:Order:11 19 9
DEBUG:root:Order:5 19 7
DEBUG:root:Order:2 19 6
DEBUG:root:Order:15 19 5
DEBUG:root:Order:4 19 3
DEBUG:root:Order:0 19 2
DEBUG:root:Finish turn

DEBUG:root:Order:2 0 2
DEBUG:root:Order:2 19 2
DEBUG:root:Order:2 4 1
DEBUG:root:Finish turn

DEBUG:root:Order:5 4 17
DEBUG:root:Order:11 4 15
DEBUG:root:Order:15 4 13
DEBUG:root:Order:2 4 12
DEBUG:root:Order:0 4 7
DEBUG:root:Order:0 9 11
DEBUG:root:Order:19 9 4
DEBUG:root:Finish turn

DEBUG:root:Order:19 9 12
DEBUG:root:Order:2 9 9
DEBUG:root:Order:5 9 9
DEBUG:root:Order:11 9 8
DEBUG:root:Order:15 9 7
DEBUG:root:Order:4 9 4
DEBUG:root:Order:4 0 2
DEBUG:root:Finish turn

DEBUG:root:Order:2 0 1
DEBUG:root:Order:2 19 1
DEBUG:root:Order:2 4 2
DEBUG:root:Order:5 4 2
DEBUG:root:Order:11 4 1
DEBUG:root:Finish turn

DEBUG:root:Order:4 0 5
DEBUG:root:Order:5 0 4
DEBUG:root:Order:11 0 3
DEBUG:root:Order:2 0 2
DEBUG:root:Order:15 0 2
DEBUG:root:Finish turn

DEBUG:root:Order:4 13 62.0
DEBUG:root:Order:2 4 10
DEBUG:root:Order:5 4 10
DEBUG:root:Order:11 4 9
DEBUG:root:Order:15 4 8
DEBUG:root:Order:9 4 7
DEBUG:root:Order:19 4 5
DEBUG:root:Order:0 4 3
DEBUG:root:Finish turn

DEBUG:root:Order:2 4 2
DEBUG:root:Order:5 4 1
DEBUG:root:Order:5 0 1
DEBUG:root:Order:5 19 1
DEBUG:root:Order:5 9 2
DEBUG:root:Order:11 9 1
DEBUG:root:Finish turn

DEBUG:root:Order:2 0 2
DEBUG:root:Order:2 19 2
DEBUG:root:Order:2 4 1
DEBUG:root:Order:2 5 2
DEBUG:root:Order:9 5 1
DEBUG:root:Order:11 5 1
DEBUG:root:Finish turn

DEBUG:root:Order:5 0 2
DEBUG:root:Order:5 2 2
DEBUG:root:Order:5 19 2
DEBUG:root:Order:5 4 1
DEBUG:root:Order:5 9 5
DEBUG:root:Order:11 9 1
DEBUG:root:Finish turn

DEBUG:root:Order:4 14 62.0
DEBUG:root:Order:9 4 12
DEBUG:root:Order:2 4 9
DEBUG:root:Order:11 4 9
DEBUG:root:Order:15 4 8
DEBUG:root:Order:0 4 5
DEBUG:root:Order:19 4 5
DEBUG:root:Order:5 4 3
DEBUG:root:Finish turn

DEBUG:root:Order:2 4 2
DEBUG:root:Order:5 4 2
DEBUG:root:Order:11 4 1
DEBUG:root:Order:11 0 1
DEBUG:root:Order:11 19 1
DEBUG:root:Order:11 9 1
DEBUG:root:Finish turn

DEBUG:root:Order:2 0 2
DEBUG:root:Order:2 19 2
DEBUG:root:Order:2 4 1
DEBUG:root:Order:2 11 1
DEBUG:root:Order:2 9 2
DEBUG:root:Order:5 9 2
DEBUG:root:Finish turn

DEBUG:root:Order:5 2 3
DEBUG:root:Order:5 0 2
DEBUG:root:Order:5 19 2
DEBUG:root:Order:5 4 1
DEBUG:root:Finish turn

DEBUG:root:Order:9 8 64.0
DEBUG:root:Order:2 9 10
DEBUG:root:Order:11 9 10
DEBUG:root:Order:15 9 9
DEBUG:root:Order:4 9 7
DEBUG:root:Order:0 9 6
DEBUG:root:Order:19 9 6
DEBUG:root:Order:5 9 5
DEBUG:root:Finish turn

DEBUG:root:Order:4 17 69.0
DEBUG:root:Order:2 4 10
DEBUG:root:Order:5 4 10
DEBUG:root:Order:11 4 9
DEBUG:root:Order:15 4 8
DEBUG:root:Order:0 4 6
DEBUG:root:Order:9 4 6
DEBUG:root:Order:19 4 6
DEBUG:root:Finish turn

DEBUG:root:Order:2 15 15
DEBUG:root:Order:5 15 15
DEBUG:root:Order:11 15 14
DEBUG:root:Bad order:9 7.0 12
DEBUG:root:Order:0 15 11
DEBUG:root:Order:19 15 11
DEBUG:root:Order:4 15 5
DEBUG:root:Finish turn

DEBUG:root:Order:9 15 11
DEBUG:root:Order:2 15 1
DEBUG:root:Order:2 0 1
DEBUG:root:Order:2 19 1
DEBUG:root:Order:2 4 2
DEBUG:root:Order:5 4 2
DEBUG:root:Order:11 4 1
DEBUG:root:Finish turn

DEBUG:root:Order:4 19 3
DEBUG:root:Order:4 2 1
DEBUG:root:Order:4 9 1
DEBUG:root:Order:4 15 1
DEBUG:root:Finish turn

DEBUG:root:Order:5 4 3
DEBUG:root:Order:2 4 1
DEBUG:root:Order:2 19 1
DEBUG:root:Order:11 19 1
DEBUG:root:Order:11 9 1
DEBUG:root:Order:11 15 1
DEBUG:root:Finish turn

